RUN	info.ragozin.loadlab.wp.simulations.RefreshIndexPage	refreshindexpage	1558860092672	 	3.1.2
USER	RefreshIndexPage300	1	START	1558860093692	1558860093692
REQUEST	1	Refresh IndexPage 50 times	Index	1558860093729	1558860093945	OK	 
REQUEST	1	Refresh IndexPage 50 times	Index	1558860093971	1558860094067	OK	 
REQUEST	1	Refresh IndexPage 50 times	Index	1558860094069	1558860094182	OK	 
REQUEST	1	Refresh IndexPage 50 times	Index	1558860094184	1558860094302	OK	 
REQUEST	1	Refresh IndexPage 50 times	Index	1558860094303	1558860094453	OK	 
REQUEST	1	Refresh IndexPage 50 times	Index	1558860094454	1558860094607	OK	 
REQUEST	1	Refresh IndexPage 50 times	Index	1558860094609	1558860094777	OK	 
REQUEST	1	Refresh IndexPage 50 times	Index	1558860094778	1558860094883	OK	 
REQUEST	1	Refresh IndexPage 50 times	Index	1558860094885	1558860094992	OK	 
REQUEST	1	Refresh IndexPage 50 times	Index	1558860094994	1558860095099	OK	 
REQUEST	1	Refresh IndexPage 50 times	Index	1558860095100	1558860095348	OK	 
REQUEST	1	Refresh IndexPage 50 times	Index	1558860095351	1558860095497	OK	 
REQUEST	1	Refresh IndexPage 50 times	Index	1558860095499	1558860095623	OK	 
REQUEST	1	Refresh IndexPage 50 times	Index	1558860095624	1558860095818	OK	 
REQUEST	1	Refresh IndexPage 50 times	Index	1558860095820	1558860096016	OK	 
REQUEST	1	Refresh IndexPage 50 times	Index	1558860096018	1558860096215	OK	 
REQUEST	1	Refresh IndexPage 50 times	Index	1558860096220	1558860096378	OK	 
REQUEST	1	Refresh IndexPage 50 times	Index	1558860096379	1558860096552	OK	 
REQUEST	1	Refresh IndexPage 50 times	Index	1558860096554	1558860096704	OK	 
REQUEST	1	Refresh IndexPage 50 times	Index	1558860096705	1558860096862	OK	 
REQUEST	1	Refresh IndexPage 50 times	Index	1558860096863	1558860097005	OK	 
REQUEST	1	Refresh IndexPage 50 times	Index	1558860097007	1558860097172	OK	 
REQUEST	1	Refresh IndexPage 50 times	Index	1558860097173	1558860097285	OK	 
REQUEST	1	Refresh IndexPage 50 times	Index	1558860097287	1558860097397	OK	 
REQUEST	1	Refresh IndexPage 50 times	Index	1558860097398	1558860097504	OK	 
REQUEST	1	Refresh IndexPage 50 times	Index	1558860097505	1558860097689	OK	 
REQUEST	1	Refresh IndexPage 50 times	Index	1558860097691	1558860097799	OK	 
REQUEST	1	Refresh IndexPage 50 times	Index	1558860097801	1558860097905	OK	 
REQUEST	1	Refresh IndexPage 50 times	Index	1558860097907	1558860098058	OK	 
REQUEST	1	Refresh IndexPage 50 times	Index	1558860098059	1558860098194	OK	 
REQUEST	1	Refresh IndexPage 50 times	Index	1558860098195	1558860098298	OK	 
REQUEST	1	Refresh IndexPage 50 times	Index	1558860098300	1558860098458	OK	 
REQUEST	1	Refresh IndexPage 50 times	Index	1558860098460	1558860098590	OK	 
REQUEST	1	Refresh IndexPage 50 times	Index	1558860098591	1558860098695	OK	 
REQUEST	1	Refresh IndexPage 50 times	Index	1558860098696	1558860098815	OK	 
REQUEST	1	Refresh IndexPage 50 times	Index	1558860098816	1558860098977	OK	 
REQUEST	1	Refresh IndexPage 50 times	Index	1558860098979	1558860099090	OK	 
REQUEST	1	Refresh IndexPage 50 times	Index	1558860099091	1558860099204	OK	 
REQUEST	1	Refresh IndexPage 50 times	Index	1558860099205	1558860099329	OK	 
REQUEST	1	Refresh IndexPage 50 times	Index	1558860099330	1558860099479	OK	 
REQUEST	1	Refresh IndexPage 50 times	Index	1558860099481	1558860099596	OK	 
REQUEST	1	Refresh IndexPage 50 times	Index	1558860099598	1558860099767	OK	 
REQUEST	1	Refresh IndexPage 50 times	Index	1558860099769	1558860099920	OK	 
REQUEST	1	Refresh IndexPage 50 times	Index	1558860099921	1558860100079	OK	 
REQUEST	1	Refresh IndexPage 50 times	Index	1558860100080	1558860100194	OK	 
REQUEST	1	Refresh IndexPage 50 times	Index	1558860100195	1558860100305	OK	 
REQUEST	1	Refresh IndexPage 50 times	Index	1558860100306	1558860100432	OK	 
REQUEST	1	Refresh IndexPage 50 times	Index	1558860100433	1558860100580	OK	 
REQUEST	1	Refresh IndexPage 50 times	Index	1558860100581	1558860100705	OK	 
REQUEST	1	Refresh IndexPage 50 times	Index	1558860100706	1558860100898	OK	 
GROUP	1	Refresh IndexPage 50 times	1558860093697	1558860100899	7069	OK
REQUEST	1	Refresh IndexPage 100 times	Index	1558860100900	1558860100995	OK	 
REQUEST	1	Refresh IndexPage 100 times	Index	1558860100996	1558860101114	OK	 
REQUEST	1	Refresh IndexPage 100 times	Index	1558860101116	1558860101301	OK	 
REQUEST	1	Refresh IndexPage 100 times	Index	1558860101302	1558860101409	OK	 
REQUEST	1	Refresh IndexPage 100 times	Index	1558860101410	1558860101561	OK	 
REQUEST	1	Refresh IndexPage 100 times	Index	1558860101562	1558860101697	OK	 
REQUEST	1	Refresh IndexPage 100 times	Index	1558860101698	1558860101800	OK	 
REQUEST	1	Refresh IndexPage 100 times	Index	1558860101801	1558860101916	OK	 
REQUEST	1	Refresh IndexPage 100 times	Index	1558860101917	1558860102084	OK	 
REQUEST	1	Refresh IndexPage 100 times	Index	1558860102085	1558860102228	OK	 
REQUEST	1	Refresh IndexPage 100 times	Index	1558860102229	1558860102366	OK	 
REQUEST	1	Refresh IndexPage 100 times	Index	1558860102367	1558860102525	OK	 
REQUEST	1	Refresh IndexPage 100 times	Index	1558860102526	1558860102685	OK	 
REQUEST	1	Refresh IndexPage 100 times	Index	1558860102686	1558860102796	OK	 
REQUEST	1	Refresh IndexPage 100 times	Index	1558860102797	1558860102926	OK	 
REQUEST	1	Refresh IndexPage 100 times	Index	1558860102926	1558860103130	OK	 
REQUEST	1	Refresh IndexPage 100 times	Index	1558860103132	1558860103371	OK	 
REQUEST	1	Refresh IndexPage 100 times	Index	1558860103373	1558860103518	OK	 
REQUEST	1	Refresh IndexPage 100 times	Index	1558860103519	1558860103766	OK	 
REQUEST	1	Refresh IndexPage 100 times	Index	1558860103768	1558860103914	OK	 
REQUEST	1	Refresh IndexPage 100 times	Index	1558860103915	1558860104024	OK	 
REQUEST	1	Refresh IndexPage 100 times	Index	1558860104025	1558860104216	OK	 
REQUEST	1	Refresh IndexPage 100 times	Index	1558860104217	1558860104465	OK	 
REQUEST	1	Refresh IndexPage 100 times	Index	1558860104467	1558860104718	OK	 
REQUEST	1	Refresh IndexPage 100 times	Index	1558860104719	1558860104936	OK	 
REQUEST	1	Refresh IndexPage 100 times	Index	1558860104937	1558860105023	OK	 
REQUEST	1	Refresh IndexPage 100 times	Index	1558860105024	1558860105170	OK	 
REQUEST	1	Refresh IndexPage 100 times	Index	1558860105171	1558860105293	OK	 
REQUEST	1	Refresh IndexPage 100 times	Index	1558860105294	1558860105406	OK	 
REQUEST	1	Refresh IndexPage 100 times	Index	1558860105407	1558860105514	OK	 
REQUEST	1	Refresh IndexPage 100 times	Index	1558860105515	1558860105623	OK	 
REQUEST	1	Refresh IndexPage 100 times	Index	1558860105624	1558860105781	OK	 
REQUEST	1	Refresh IndexPage 100 times	Index	1558860105782	1558860105943	OK	 
REQUEST	1	Refresh IndexPage 100 times	Index	1558860105944	1558860106030	OK	 
REQUEST	1	Refresh IndexPage 100 times	Index	1558860106031	1558860106200	OK	 
REQUEST	1	Refresh IndexPage 100 times	Index	1558860106201	1558860106309	OK	 
REQUEST	1	Refresh IndexPage 100 times	Index	1558860106310	1558860106426	OK	 
REQUEST	1	Refresh IndexPage 100 times	Index	1558860106427	1558860106543	OK	 
REQUEST	1	Refresh IndexPage 100 times	Index	1558860106545	1558860106773	OK	 
REQUEST	1	Refresh IndexPage 100 times	Index	1558860106774	1558860106894	OK	 
REQUEST	1	Refresh IndexPage 100 times	Index	1558860106895	1558860107006	OK	 
REQUEST	1	Refresh IndexPage 100 times	Index	1558860107007	1558860107119	OK	 
REQUEST	1	Refresh IndexPage 100 times	Index	1558860107120	1558860107274	OK	 
REQUEST	1	Refresh IndexPage 100 times	Index	1558860107276	1558860107409	OK	 
REQUEST	1	Refresh IndexPage 100 times	Index	1558860107410	1558860107517	OK	 
REQUEST	1	Refresh IndexPage 100 times	Index	1558860107518	1558860107629	OK	 
REQUEST	1	Refresh IndexPage 100 times	Index	1558860107630	1558860107779	OK	 
REQUEST	1	Refresh IndexPage 100 times	Index	1558860107781	1558860107901	OK	 
REQUEST	1	Refresh IndexPage 100 times	Index	1558860107902	1558860108018	OK	 
REQUEST	1	Refresh IndexPage 100 times	Index	1558860108019	1558860108134	OK	 
REQUEST	1	Refresh IndexPage 100 times	Index	1558860108135	1558860108377	OK	 
REQUEST	1	Refresh IndexPage 100 times	Index	1558860108379	1558860108529	OK	 
REQUEST	1	Refresh IndexPage 100 times	Index	1558860108530	1558860108648	OK	 
REQUEST	1	Refresh IndexPage 100 times	Index	1558860108649	1558860108784	OK	 
REQUEST	1	Refresh IndexPage 100 times	Index	1558860108786	1558860108945	OK	 
REQUEST	1	Refresh IndexPage 100 times	Index	1558860108946	1558860109106	OK	 
REQUEST	1	Refresh IndexPage 100 times	Index	1558860109107	1558860109216	OK	 
REQUEST	1	Refresh IndexPage 100 times	Index	1558860109217	1558860109333	OK	 
REQUEST	1	Refresh IndexPage 100 times	Index	1558860109333	1558860109514	OK	 
REQUEST	1	Refresh IndexPage 100 times	Index	1558860109515	1558860109636	OK	 
REQUEST	1	Refresh IndexPage 100 times	Index	1558860109637	1558860109781	OK	 
REQUEST	1	Refresh IndexPage 100 times	Index	1558860109782	1558860109910	OK	 
REQUEST	1	Refresh IndexPage 100 times	Index	1558860109911	1558860110018	OK	 
REQUEST	1	Refresh IndexPage 100 times	Index	1558860110018	1558860110142	OK	 
REQUEST	1	Refresh IndexPage 100 times	Index	1558860110143	1558860110301	OK	 
REQUEST	1	Refresh IndexPage 100 times	Index	1558860110302	1558860110413	OK	 
REQUEST	1	Refresh IndexPage 100 times	Index	1558860110413	1558860110524	OK	 
REQUEST	1	Refresh IndexPage 100 times	Index	1558860110525	1558860110636	OK	 
REQUEST	1	Refresh IndexPage 100 times	Index	1558860110636	1558860110808	OK	 
REQUEST	1	Refresh IndexPage 100 times	Index	1558860110809	1558860110922	OK	 
REQUEST	1	Refresh IndexPage 100 times	Index	1558860110923	1558860111043	OK	 
REQUEST	1	Refresh IndexPage 100 times	Index	1558860111043	1558860111206	OK	 
REQUEST	1	Refresh IndexPage 100 times	Index	1558860111207	1558860111339	OK	 
REQUEST	1	Refresh IndexPage 100 times	Index	1558860111340	1558860111453	OK	 
REQUEST	1	Refresh IndexPage 100 times	Index	1558860111454	1558860111602	OK	 
REQUEST	1	Refresh IndexPage 100 times	Index	1558860111603	1558860111738	OK	 
REQUEST	1	Refresh IndexPage 100 times	Index	1558860111739	1558860111889	OK	 
REQUEST	1	Refresh IndexPage 100 times	Index	1558860111891	1558860112022	OK	 
REQUEST	1	Refresh IndexPage 100 times	Index	1558860112023	1558860112136	OK	 
REQUEST	1	Refresh IndexPage 100 times	Index	1558860112137	1558860112315	OK	 
REQUEST	1	Refresh IndexPage 100 times	Index	1558860112316	1558860112428	OK	 
REQUEST	1	Refresh IndexPage 100 times	Index	1558860112429	1558860112536	OK	 
REQUEST	1	Refresh IndexPage 100 times	Index	1558860112537	1558860112687	OK	 
REQUEST	1	Refresh IndexPage 100 times	Index	1558860112689	1558860112831	OK	 
REQUEST	1	Refresh IndexPage 100 times	Index	1558860112832	1558860112948	OK	 
REQUEST	1	Refresh IndexPage 100 times	Index	1558860112949	1558860113187	OK	 
REQUEST	1	Refresh IndexPage 100 times	Index	1558860113188	1558860113346	OK	 
REQUEST	1	Refresh IndexPage 100 times	Index	1558860113347	1558860113496	OK	 
REQUEST	1	Refresh IndexPage 100 times	Index	1558860113497	1558860113638	OK	 
REQUEST	1	Refresh IndexPage 100 times	Index	1558860113639	1558860113756	OK	 
REQUEST	1	Refresh IndexPage 100 times	Index	1558860113757	1558860113893	OK	 
REQUEST	1	Refresh IndexPage 100 times	Index	1558860113894	1558860114026	OK	 
REQUEST	1	Refresh IndexPage 100 times	Index	1558860114026	1558860114145	OK	 
REQUEST	1	Refresh IndexPage 100 times	Index	1558860114146	1558860114265	OK	 
REQUEST	1	Refresh IndexPage 100 times	Index	1558860114266	1558860114463	OK	 
REQUEST	1	Refresh IndexPage 100 times	Index	1558860114464	1558860114621	OK	 
REQUEST	1	Refresh IndexPage 100 times	Index	1558860114622	1558860114828	OK	 
REQUEST	1	Refresh IndexPage 100 times	Index	1558860114828	1558860114942	OK	 
REQUEST	1	Refresh IndexPage 100 times	Index	1558860114943	1558860115038	OK	 
REQUEST	1	Refresh IndexPage 100 times	Index	1558860115038	1558860115196	OK	 
GROUP	1	Refresh IndexPage 100 times	1558860100899	1558860115196	14194	OK
REQUEST	1	Refresh IndexPage 150 times	Index	1558860115197	1558860115329	OK	 
REQUEST	1	Refresh IndexPage 150 times	Index	1558860115329	1558860115496	OK	 
REQUEST	1	Refresh IndexPage 150 times	Index	1558860115497	1558860115616	OK	 
REQUEST	1	Refresh IndexPage 150 times	Index	1558860115617	1558860115727	OK	 
REQUEST	1	Refresh IndexPage 150 times	Index	1558860115728	1558860115854	OK	 
REQUEST	1	Refresh IndexPage 150 times	Index	1558860115855	1558860115985	OK	 
REQUEST	1	Refresh IndexPage 150 times	Index	1558860115987	1558860116131	OK	 
REQUEST	1	Refresh IndexPage 150 times	Index	1558860116132	1558860116257	OK	 
REQUEST	1	Refresh IndexPage 150 times	Index	1558860116257	1558860116402	OK	 
REQUEST	1	Refresh IndexPage 150 times	Index	1558860116403	1558860116557	OK	 
REQUEST	1	Refresh IndexPage 150 times	Index	1558860116558	1558860116666	OK	 
REQUEST	1	Refresh IndexPage 150 times	Index	1558860116667	1558860116817	OK	 
REQUEST	1	Refresh IndexPage 150 times	Index	1558860116818	1558860116947	OK	 
REQUEST	1	Refresh IndexPage 150 times	Index	1558860116948	1558860117064	OK	 
REQUEST	1	Refresh IndexPage 150 times	Index	1558860117065	1558860117297	OK	 
REQUEST	1	Refresh IndexPage 150 times	Index	1558860117298	1558860117401	OK	 
REQUEST	1	Refresh IndexPage 150 times	Index	1558860117402	1558860117535	OK	 
REQUEST	1	Refresh IndexPage 150 times	Index	1558860117536	1558860117646	OK	 
REQUEST	1	Refresh IndexPage 150 times	Index	1558860117647	1558860117803	OK	 
REQUEST	1	Refresh IndexPage 150 times	Index	1558860117804	1558860117931	OK	 
REQUEST	1	Refresh IndexPage 150 times	Index	1558860117932	1558860118054	OK	 
REQUEST	1	Refresh IndexPage 150 times	Index	1558860118055	1558860118206	OK	 
REQUEST	1	Refresh IndexPage 150 times	Index	1558860118207	1558860118345	OK	 
REQUEST	1	Refresh IndexPage 150 times	Index	1558860118345	1558860118470	OK	 
REQUEST	1	Refresh IndexPage 150 times	Index	1558860118471	1558860118628	OK	 
REQUEST	1	Refresh IndexPage 150 times	Index	1558860118629	1558860118740	OK	 
REQUEST	1	Refresh IndexPage 150 times	Index	1558860118741	1558860118851	OK	 
REQUEST	1	Refresh IndexPage 150 times	Index	1558860118852	1558860118970	OK	 
REQUEST	1	Refresh IndexPage 150 times	Index	1558860118970	1558860119104	OK	 
REQUEST	1	Refresh IndexPage 150 times	Index	1558860119105	1558860119229	OK	 
REQUEST	1	Refresh IndexPage 150 times	Index	1558860119229	1558860119342	OK	 
REQUEST	1	Refresh IndexPage 150 times	Index	1558860119343	1558860119451	OK	 
REQUEST	1	Refresh IndexPage 150 times	Index	1558860119452	1558860119606	OK	 
REQUEST	1	Refresh IndexPage 150 times	Index	1558860119607	1558860119730	OK	 
REQUEST	1	Refresh IndexPage 150 times	Index	1558860119730	1558860119843	OK	 
REQUEST	1	Refresh IndexPage 150 times	Index	1558860119844	1558860119966	OK	 
REQUEST	1	Refresh IndexPage 150 times	Index	1558860119967	1558860120135	OK	 
REQUEST	1	Refresh IndexPage 150 times	Index	1558860120135	1558860120251	OK	 
REQUEST	1	Refresh IndexPage 150 times	Index	1558860120252	1558860120409	OK	 
REQUEST	1	Refresh IndexPage 150 times	Index	1558860120411	1558860120544	OK	 
REQUEST	1	Refresh IndexPage 150 times	Index	1558860120544	1558860120714	OK	 
REQUEST	1	Refresh IndexPage 150 times	Index	1558860120715	1558860120839	OK	 
REQUEST	1	Refresh IndexPage 150 times	Index	1558860120840	1558860120952	OK	 
REQUEST	1	Refresh IndexPage 150 times	Index	1558860120952	1558860121113	OK	 
REQUEST	1	Refresh IndexPage 150 times	Index	1558860121113	1558860121238	OK	 
REQUEST	1	Refresh IndexPage 150 times	Index	1558860121239	1558860121347	OK	 
REQUEST	1	Refresh IndexPage 150 times	Index	1558860121348	1558860121459	OK	 
REQUEST	1	Refresh IndexPage 150 times	Index	1558860121460	1558860121636	OK	 
REQUEST	1	Refresh IndexPage 150 times	Index	1558860121636	1558860121743	OK	 
REQUEST	1	Refresh IndexPage 150 times	Index	1558860121744	1558860121870	OK	 
REQUEST	1	Refresh IndexPage 150 times	Index	1558860121871	1558860122009	OK	 
REQUEST	1	Refresh IndexPage 150 times	Index	1558860122009	1558860122139	OK	 
REQUEST	1	Refresh IndexPage 150 times	Index	1558860122140	1558860122354	OK	 
REQUEST	1	Refresh IndexPage 150 times	Index	1558860122355	1558860122510	OK	 
REQUEST	1	Refresh IndexPage 150 times	Index	1558860122511	1558860122633	OK	 
REQUEST	1	Refresh IndexPage 150 times	Index	1558860122634	1558860122776	OK	 
REQUEST	1	Refresh IndexPage 150 times	Index	1558860122777	1558860122941	OK	 
REQUEST	1	Refresh IndexPage 150 times	Index	1558860122941	1558860123057	OK	 
REQUEST	1	Refresh IndexPage 150 times	Index	1558860123058	1558860123214	OK	 
REQUEST	1	Refresh IndexPage 150 times	Index	1558860123215	1558860123370	OK	 
REQUEST	1	Refresh IndexPage 150 times	Index	1558860123370	1558860123481	OK	 
REQUEST	1	Refresh IndexPage 150 times	Index	1558860123482	1558860123619	OK	 
REQUEST	1	Refresh IndexPage 150 times	Index	1558860123620	1558860123742	OK	 
REQUEST	1	Refresh IndexPage 150 times	Index	1558860123743	1558860123851	OK	 
REQUEST	1	Refresh IndexPage 150 times	Index	1558860123852	1558860123963	OK	 
REQUEST	1	Refresh IndexPage 150 times	Index	1558860123964	1558860124115	OK	 
REQUEST	1	Refresh IndexPage 150 times	Index	1558860124116	1558860124248	OK	 
REQUEST	1	Refresh IndexPage 150 times	Index	1558860124249	1558860124395	OK	 
REQUEST	1	Refresh IndexPage 150 times	Index	1558860124396	1558860124544	OK	 
REQUEST	1	Refresh IndexPage 150 times	Index	1558860124545	1558860124708	OK	 
REQUEST	1	Refresh IndexPage 150 times	Index	1558860124709	1558860124925	OK	 
REQUEST	1	Refresh IndexPage 150 times	Index	1558860124926	1558860125040	OK	 
REQUEST	1	Refresh IndexPage 150 times	Index	1558860125041	1558860125156	OK	 
REQUEST	1	Refresh IndexPage 150 times	Index	1558860125157	1558860125342	OK	 
REQUEST	1	Refresh IndexPage 150 times	Index	1558860125343	1558860125448	OK	 
REQUEST	1	Refresh IndexPage 150 times	Index	1558860125449	1558860125560	OK	 
REQUEST	1	Refresh IndexPage 150 times	Index	1558860125561	1558860125718	OK	 
REQUEST	1	Refresh IndexPage 150 times	Index	1558860125719	1558860125861	OK	 
REQUEST	1	Refresh IndexPage 150 times	Index	1558860125861	1558860125953	OK	 
REQUEST	1	Refresh IndexPage 150 times	Index	1558860125954	1558860126066	OK	 
REQUEST	1	Refresh IndexPage 150 times	Index	1558860126066	1558860126186	OK	 
REQUEST	1	Refresh IndexPage 150 times	Index	1558860126186	1558860126321	OK	 
REQUEST	1	Refresh IndexPage 150 times	Index	1558860126322	1558860126453	OK	 
REQUEST	1	Refresh IndexPage 150 times	Index	1558860126454	1558860126569	OK	 
REQUEST	1	Refresh IndexPage 150 times	Index	1558860126570	1558860126722	OK	 
REQUEST	1	Refresh IndexPage 150 times	Index	1558860126723	1558860126861	OK	 
REQUEST	1	Refresh IndexPage 150 times	Index	1558860126862	1558860126968	OK	 
REQUEST	1	Refresh IndexPage 150 times	Index	1558860126969	1558860127092	OK	 
REQUEST	1	Refresh IndexPage 150 times	Index	1558860127093	1558860127227	OK	 
REQUEST	1	Refresh IndexPage 150 times	Index	1558860127228	1558860127351	OK	 
REQUEST	1	Refresh IndexPage 150 times	Index	1558860127351	1558860127459	OK	 
REQUEST	1	Refresh IndexPage 150 times	Index	1558860127460	1558860127578	OK	 
REQUEST	1	Refresh IndexPage 150 times	Index	1558860127578	1558860127721	OK	 
REQUEST	1	Refresh IndexPage 150 times	Index	1558860127722	1558860127845	OK	 
REQUEST	1	Refresh IndexPage 150 times	Index	1558860127846	1558860127980	OK	 
REQUEST	1	Refresh IndexPage 150 times	Index	1558860127980	1558860128125	OK	 
REQUEST	1	Refresh IndexPage 150 times	Index	1558860128125	1558860128259	OK	 
REQUEST	1	Refresh IndexPage 150 times	Index	1558860128259	1558860128369	OK	 
REQUEST	1	Refresh IndexPage 150 times	Index	1558860128370	1558860128557	OK	 
REQUEST	1	Refresh IndexPage 150 times	Index	1558860128558	1558860128679	OK	 
REQUEST	1	Refresh IndexPage 150 times	Index	1558860128680	1558860128830	OK	 
REQUEST	1	Refresh IndexPage 150 times	Index	1558860128832	1558860129028	OK	 
REQUEST	1	Refresh IndexPage 150 times	Index	1558860129029	1558860129161	OK	 
REQUEST	1	Refresh IndexPage 150 times	Index	1558860129162	1558860129274	OK	 
REQUEST	1	Refresh IndexPage 150 times	Index	1558860129275	1558860129395	OK	 
REQUEST	1	Refresh IndexPage 150 times	Index	1558860129396	1558860129533	OK	 
REQUEST	1	Refresh IndexPage 150 times	Index	1558860129534	1558860129672	OK	 
REQUEST	1	Refresh IndexPage 150 times	Index	1558860129673	1558860129782	OK	 
REQUEST	1	Refresh IndexPage 150 times	Index	1558860129783	1558860129976	OK	 
REQUEST	1	Refresh IndexPage 150 times	Index	1558860129977	1558860130088	OK	 
REQUEST	1	Refresh IndexPage 150 times	Index	1558860130089	1558860130327	OK	 
REQUEST	1	Refresh IndexPage 150 times	Index	1558860130328	1558860130433	OK	 
REQUEST	1	Refresh IndexPage 150 times	Index	1558860130434	1558860130584	OK	 
REQUEST	1	Refresh IndexPage 150 times	Index	1558860130584	1558860130683	OK	 
REQUEST	1	Refresh IndexPage 150 times	Index	1558860130684	1558860130831	OK	 
REQUEST	1	Refresh IndexPage 150 times	Index	1558860130832	1558860130961	OK	 
REQUEST	1	Refresh IndexPage 150 times	Index	1558860130962	1558860131078	OK	 
REQUEST	1	Refresh IndexPage 150 times	Index	1558860131078	1558860131188	OK	 
REQUEST	1	Refresh IndexPage 150 times	Index	1558860131189	1558860131337	OK	 
REQUEST	1	Refresh IndexPage 150 times	Index	1558860131338	1558860131479	OK	 
REQUEST	1	Refresh IndexPage 150 times	Index	1558860131480	1558860131631	OK	 
REQUEST	1	Refresh IndexPage 150 times	Index	1558860131633	1558860131779	OK	 
REQUEST	1	Refresh IndexPage 150 times	Index	1558860131780	1558860131937	OK	 
REQUEST	1	Refresh IndexPage 150 times	Index	1558860131938	1558860132092	OK	 
REQUEST	1	Refresh IndexPage 150 times	Index	1558860132092	1558860132293	OK	 
REQUEST	1	Refresh IndexPage 150 times	Index	1558860132293	1558860132438	OK	 
REQUEST	1	Refresh IndexPage 150 times	Index	1558860132439	1558860132584	OK	 
REQUEST	1	Refresh IndexPage 150 times	Index	1558860132584	1558860132703	OK	 
REQUEST	1	Refresh IndexPage 150 times	Index	1558860132703	1558860132868	OK	 
REQUEST	1	Refresh IndexPage 150 times	Index	1558860132869	1558860132991	OK	 
REQUEST	1	Refresh IndexPage 150 times	Index	1558860132992	1558860133158	OK	 
REQUEST	1	Refresh IndexPage 150 times	Index	1558860133159	1558860133280	OK	 
REQUEST	1	Refresh IndexPage 150 times	Index	1558860133280	1558860133392	OK	 
REQUEST	1	Refresh IndexPage 150 times	Index	1558860133393	1558860133540	OK	 
REQUEST	1	Refresh IndexPage 150 times	Index	1558860133541	1558860133686	OK	 
REQUEST	1	Refresh IndexPage 150 times	Index	1558860133687	1558860133835	OK	 
REQUEST	1	Refresh IndexPage 150 times	Index	1558860133836	1558860133957	OK	 
REQUEST	1	Refresh IndexPage 150 times	Index	1558860133958	1558860134071	OK	 
REQUEST	1	Refresh IndexPage 150 times	Index	1558860134072	1558860134184	OK	 
REQUEST	1	Refresh IndexPage 150 times	Index	1558860134185	1558860134319	OK	 
REQUEST	1	Refresh IndexPage 150 times	Index	1558860134320	1558860134461	OK	 
REQUEST	1	Refresh IndexPage 150 times	Index	1558860134461	1558860134570	OK	 
REQUEST	1	Refresh IndexPage 150 times	Index	1558860134571	1558860134742	OK	 
REQUEST	1	Refresh IndexPage 150 times	Index	1558860134743	1558860134913	OK	 
REQUEST	1	Refresh IndexPage 150 times	Index	1558860134914	1558860134996	OK	 
REQUEST	1	Refresh IndexPage 150 times	Index	1558860134997	1558860135141	OK	 
REQUEST	1	Refresh IndexPage 150 times	Index	1558860135141	1558860135268	OK	 
REQUEST	1	Refresh IndexPage 150 times	Index	1558860135269	1558860135376	OK	 
REQUEST	1	Refresh IndexPage 150 times	Index	1558860135377	1558860135486	OK	 
REQUEST	1	Refresh IndexPage 150 times	Index	1558860135486	1558860135606	OK	 
GROUP	1	Refresh IndexPage 150 times	1558860115196	1558860135606	20288	OK
USER	RefreshIndexPage300	1	END	1558860093692	1558860135611
